# JRE version: OpenJDK Runtime Environment (8.0_242-b01) (build 1.8.0_242-release-1644-b01)
# Java VM: OpenJDK 64-Bit Server VM (25.242-b01 mixed mode windows-amd64 compressed oops)
Heap:
 PSYoungGen      total 98304K, used 61764K [0x00000000eda00000, 0x00000000f4b00000, 0x0000000100000000)
  eden space 80896K, 76% used [0x00000000eda00000,0x00000000f16513a8,0x00000000f2900000)
  from space 17408K, 0% used [0x00000000f3a00000,0x00000000f3a00000,0x00000000f4b00000)
  to   space 17408K, 0% used [0x00000000f2900000,0x00000000f2900000,0x00000000f3a00000)
 ParOldGen       total 85504K, used 26231K [0x00000000c8e00000, 0x00000000ce180000, 0x00000000eda00000)
  object space 85504K, 30% used [0x00000000c8e00000,0x00000000ca79de68,0x00000000ce180000)
 Metaspace       used 40037K, capacity 40741K, committed 41088K, reserved 1085440K
  class space    used 5020K, capacity 5222K, committed 5248K, reserved 1048576K
GC Heap History (10 events):
Event: 2.671 GC heap before
{Heap before GC invocations=4 (full 0):
 PSYoungGen      total 31744K, used 30522K [0x00000000eda00000, 0x00000000f1800000, 0x0000000100000000)
  eden space 29696K, 95% used [0x00000000eda00000,0x00000000ef5d69b8,0x00000000ef700000)
  from space 2048K, 98% used [0x00000000ef700000,0x00000000ef8f8020,0x00000000ef900000)
  to   space 2048K, 0% used [0x00000000f1600000,0x00000000f1600000,0x00000000f1800000)
 ParOldGen       total 38400K, used 10838K [0x00000000c8e00000, 0x00000000cb380000, 0x00000000eda00000)
  object space 38400K, 28% used [0x00000000c8e00000,0x00000000c9895898,0x00000000cb380000)
 Metaspace       used 20663K, capacity 21110K, committed 21248K, reserved 1069056K
  class space    used 2358K, capacity 2509K, committed 2560K, reserved 1048576K
Event: 2.699 GC heap after
Heap after GC invocations=4 (full 0):
 PSYoungGen      total 61440K, used 2032K [0x00000000eda00000, 0x00000000f1800000, 0x0000000100000000)
  eden space 59392K, 0% used [0x00000000eda00000,0x00000000eda00000,0x00000000f1400000)
  from space 2048K, 99% used [0x00000000f1600000,0x00000000f17fc050,0x00000000f1800000)
  to   space 2048K, 0% used [0x00000000f1400000,0x00000000f1400000,0x00000000f1600000)
 ParOldGen       total 38400K, used 22273K [0x00000000c8e00000, 0x00000000cb380000, 0x00000000eda00000)
  object space 38400K, 58% used [0x00000000c8e00000,0x00000000ca3c0518,0x00000000cb380000)
 Metaspace       used 20663K, capacity 21110K, committed 21248K, reserved 1069056K
  class space    used 2358K, capacity 2509K, committed 2560K, reserved 1048576K
}
Event: 2.699 GC heap before
{Heap before GC invocations=5 (full 1):
 PSYoungGen      total 61440K, used 2032K [0x00000000eda00000, 0x00000000f1800000, 0x0000000100000000)
  eden space 59392K, 0% used [0x00000000eda00000,0x00000000eda00000,0x00000000f1400000)
  from space 2048K, 99% used [0x00000000f1600000,0x00000000f17fc050,0x00000000f1800000)
  to   space 2048K, 0% used [0x00000000f1400000,0x00000000f1400000,0x00000000f1600000)
 ParOldGen       total 38400K, used 22273K [0x00000000c8e00000, 0x00000000cb380000, 0x00000000eda00000)
  object space 38400K, 58% used [0x00000000c8e00000,0x00000000ca3c0518,0x00000000cb380000)
 Metaspace       used 20663K, capacity 21110K, committed 21248K, reserved 1069056K
  class space    used 2358K, capacity 2509K, committed 2560K, reserved 1048576K
Event: 2.793 GC heap after
Heap after GC invocations=5 (full 1):
 PSYoungGen      total 61440K, used 0K [0x00000000eda00000, 0x00000000f1800000, 0x0000000100000000)
  eden space 59392K, 0% used [0x00000000eda00000,0x00000000eda00000,0x00000000f1400000)
  from space 2048K, 0% used [0x00000000f1600000,0x00000000f1600000,0x00000000f1800000)
  to   space 2048K, 0% used [0x00000000f1400000,0x00000000f1400000,0x00000000f1600000)
 ParOldGen       total 56832K, used 19103K [0x00000000c8e00000, 0x00000000cc580000, 0x00000000eda00000)
  object space 56832K, 33% used [0x00000000c8e00000,0x00000000ca0a7fa0,0x00000000cc580000)
 Metaspace       used 20663K, capacity 21110K, committed 21248K, reserved 1069056K
  class space    used 2358K, capacity 2509K, committed 2560K, reserved 1048576K
}
Event: 4.816 GC heap before
{Heap before GC invocations=6 (full 1):
 PSYoungGen      total 61440K, used 59392K [0x00000000eda00000, 0x00000000f1800000, 0x0000000100000000)
  eden space 59392K, 100% used [0x00000000eda00000,0x00000000f1400000,0x00000000f1400000)
  from space 2048K, 0% used [0x00000000f1600000,0x00000000f1600000,0x00000000f1800000)
  to   space 2048K, 0% used [0x00000000f1400000,0x00000000f1400000,0x00000000f1600000)
 ParOldGen       total 56832K, used 19103K [0x00000000c8e00000, 0x00000000cc580000, 0x00000000eda00000)
  object space 56832K, 33% used [0x00000000c8e00000,0x00000000ca0a7fa0,0x00000000cc580000)
 Metaspace       used 29495K, capacity 30048K, committed 30336K, reserved 1075200K
  class space    used 3731K, capacity 3900K, committed 3968K, reserved 1048576K
Event: 4.842 GC heap after
Heap after GC invocations=6 (full 1):
 PSYoungGen      total 61440K, used 2019K [0x00000000eda00000, 0x00000000f4c00000, 0x0000000100000000)
  eden space 59392K, 0% used [0x00000000eda00000,0x00000000eda00000,0x00000000f1400000)
  from space 2048K, 98% used [0x00000000f1400000,0x00000000f15f8c70,0x00000000f1600000)
  to   space 18432K, 0% used [0x00000000f3a00000,0x00000000f3a00000,0x00000000f4c00000)
 ParOldGen       total 56832K, used 31460K [0x00000000c8e00000, 0x00000000cc580000, 0x00000000eda00000)
  object space 56832K, 55% used [0x00000000c8e00000,0x00000000cacb9150,0x00000000cc580000)
 Metaspace       used 29495K, capacity 30048K, committed 30336K, reserved 1075200K
  class space    used 3731K, capacity 3900K, committed 3968K, reserved 1048576K
}
Event: 5.892 GC heap before
{Heap before GC invocations=7 (full 1):
 PSYoungGen      total 61440K, used 32506K [0x00000000eda00000, 0x00000000f4c00000, 0x0000000100000000)
  eden space 59392K, 51% used [0x00000000eda00000,0x00000000ef7c5f60,0x00000000f1400000)
  from space 2048K, 98% used [0x00000000f1400000,0x00000000f15f8c70,0x00000000f1600000)
  to   space 18432K, 0% used [0x00000000f3a00000,0x00000000f3a00000,0x00000000f4c00000)
 ParOldGen       total 56832K, used 31460K [0x00000000c8e00000, 0x00000000cc580000, 0x00000000eda00000)
  object space 56832K, 55% used [0x00000000c8e00000,0x00000000cacb9150,0x00000000cc580000)
 Metaspace       used 34578K, capacity 35131K, committed 35416K, reserved 1081344K
  class space    used 4363K, capacity 4544K, committed 4608K, reserved 1048576K
Event: 5.917 GC heap after
Heap after GC invocations=7 (full 1):
 PSYoungGen      total 98304K, used 10147K [0x00000000eda00000, 0x00000000f4b00000, 0x0000000100000000)
  eden space 80896K, 0% used [0x00000000eda00000,0x00000000eda00000,0x00000000f2900000)
  from space 17408K, 58% used [0x00000000f3a00000,0x00000000f43e8fb0,0x00000000f4b00000)
  to   space 17408K, 0% used [0x00000000f2900000,0x00000000f2900000,0x00000000f3a00000)
 ParOldGen       total 56832K, used 31468K [0x00000000c8e00000, 0x00000000cc580000, 0x00000000eda00000)
  object space 56832K, 55% used [0x00000000c8e00000,0x00000000cacbb150,0x00000000cc580000)
 Metaspace       used 34578K, capacity 35131K, committed 35416K, reserved 1081344K
  class space    used 4363K, capacity 4544K, committed 4608K, reserved 1048576K
}
Event: 5.918 GC heap before
{Heap before GC invocations=8 (full 2):
 PSYoungGen      total 98304K, used 10147K [0x00000000eda00000, 0x00000000f4b00000, 0x0000000100000000)
  eden space 80896K, 0% used [0x00000000eda00000,0x00000000eda00000,0x00000000f2900000)
  from space 17408K, 58% used [0x00000000f3a00000,0x00000000f43e8fb0,0x00000000f4b00000)
  to   space 17408K, 0% used [0x00000000f2900000,0x00000000f2900000,0x00000000f3a00000)
 ParOldGen       total 56832K, used 31468K [0x00000000c8e00000, 0x00000000cc580000, 0x00000000eda00000)
  object space 56832K, 55% used [0x00000000c8e00000,0x00000000cacbb150,0x00000000cc580000)
 Metaspace       used 34578K, capacity 35131K, committed 35416K, reserved 1081344K
  class space    used 4363K, capacity 4544K, committed 4608K, reserved 1048576K
Event: 6.148 GC heap after
Heap after GC invocations=8 (full 2):
 PSYoungGen      total 98304K, used 0K [0x00000000eda00000, 0x00000000f4b00000, 0x0000000100000000)
  eden space 80896K, 0% used [0x00000000eda00000,0x00000000eda00000,0x00000000f2900000)
  from space 17408K, 0% used [0x00000000f3a00000,0x00000000f3a00000,0x00000000f4b00000)
  to   space 17408K, 0% used [0x00000000f2900000,0x00000000f2900000,0x00000000f3a00000)
 ParOldGen       total 85504K, used 26231K [0x00000000c8e00000, 0x00000000ce180000, 0x00000000eda00000)
  object space 85504K, 30% used [0x00000000c8e00000,0x00000000ca79de68,0x00000000ce180000)
 Metaspace       used 34578K, capacity 35131K, committed 35416K, reserved 1081344K
  class space    used 4363K, capacity 4544K, committed 4608K, reserved 1048576K
}

